{
  "RSpec": {
    "coverage": {
      "/Users/user/ruby/aces/app/models/user.rb": [
        1,
        null,
        null,
        1,
        1,
        null,
        1,
        null,
        1,
        null
      ],
      "/Users/user/ruby/aces/app/helpers/restaurants_helper.rb": [
        1,
        null
      ],
      "/Users/user/ruby/aces/app/helpers/reviews_helper.rb": [
        1,
        null
      ],
      "/Users/user/ruby/aces/app/controllers/reviews_controller.rb": [
        1,
        1,
        3,
        3,
        null,
        null,
        1,
        3,
        3,
        3,
        3,
        1,
        1,
        null,
        2,
        null,
        null,
        null,
        1,
        1,
        1,
        null,
        1,
        1,
        1,
        1,
        null,
        null,
        null,
        1,
        4,
        4,
        null,
        null,
        1,
        3,
        3,
        null,
        3,
        1,
        1,
        null,
        2,
        1,
        1,
        null,
        1,
        null,
        null,
        null,
        null,
        1,
        null,
        1,
        5,
        null,
        null
      ],
      "/Users/user/ruby/aces/app/controllers/application_controller.rb": [
        1,
        null,
        null,
        1,
        null
      ],
      "/Users/user/ruby/aces/app/models/vote.rb": [
        1,
        1,
        1,
        null,
        1,
        1,
        null,
        1,
        1,
        1,
        1,
        1,
        null,
        0,
        null,
        1,
        null,
        null,
        1,
        3,
        3,
        2,
        2,
        null,
        1,
        null,
        3,
        null,
        null,
        null,
        null,
        null
      ],
      "/Users/user/ruby/aces/app/models/restaurant.rb": [
        1,
        1,
        1,
        1,
        null,
        1,
        1,
        1,
        1,
        1,
        null
      ],
      "/Users/user/ruby/aces/app/controllers/restaurants_controller.rb": [
        1,
        null,
        1,
        32,
        null,
        null,
        1,
        22,
        null,
        null,
        1,
        3,
        null,
        null,
        1,
        2,
        null,
        null,
        1,
        2,
        null,
        2,
        1,
        1,
        null,
        1,
        null,
        null,
        null,
        1,
        2,
        null,
        2,
        1,
        1,
        null,
        1,
        null,
        null,
        null,
        1,
        1,
        1,
        1,
        1,
        null,
        null,
        1,
        null,
        1,
        4,
        null,
        null,
        null,
        null,
        null,
        null
      ],
      "/Users/user/ruby/aces/app/models/review.rb": [
        1,
        1,
        1,
        1,
        null,
        1,
        1,
        1,
        null,
        1,
        14,
        14,
        4,
        null,
        14,
        null,
        null,
        null,
        null
      ],
      "/Users/user/ruby/aces/app/controllers/upvotes_controller.rb": [
        1,
        null,
        1,
        1,
        1,
        1,
        1,
        1,
        null,
        0,
        null,
        null,
        null,
        null
      ],
      "/Users/user/ruby/aces/app/controllers/downvotes_controller.rb": [
        1,
        null,
        1,
        4,
        3,
        3,
        3,
        3,
        null,
        1,
        null,
        null,
        null,
        null
      ]
    },
    "timestamp": 1428030274
  }
}
