{
  "RSpec": {
    "coverage": {
      "/Users/cpsoinos/Desktop/aces/app/models/user.rb": [
        1,
        null,
        null,
        1,
        1,
        null,
        1,
        null,
        1,
        null
      ],
      "/Users/cpsoinos/Desktop/aces/app/helpers/restaurants_helper.rb": [
        1,
        null
      ],
      "/Users/cpsoinos/Desktop/aces/app/helpers/reviews_helper.rb": [
        1,
        null
      ],
      "/Users/cpsoinos/Desktop/aces/app/controllers/reviews_controller.rb": [
        1,
        1,
        3,
        3,
        null,
        null,
        1,
        3,
        3,
        3,
        3,
        1,
        1,
        null,
        2,
        null,
        null,
        null,
        1,
        1,
        1,
        null,
        1,
        1,
        1,
        1,
        null,
        null,
        null,
        1,
        4,
        4,
        null,
        null,
        1,
        3,
        3,
        null,
        3,
        1,
        1,
        null,
        2,
        1,
        1,
        null,
        1,
        null,
        null,
        null,
        null,
        1,
        null,
        1,
        5,
        null,
        null
      ],
      "/Users/cpsoinos/Desktop/aces/app/controllers/application_controller.rb": [
        1,
        null,
        null,
        1,
        null
      ],
      "/Users/cpsoinos/Desktop/aces/app/models/restaurant.rb": [
        1,
        1,
        1,
        1,
        null,
        1,
        1,
        1,
        1,
        1,
        null
      ],
      "/Users/cpsoinos/Desktop/aces/app/controllers/restaurants_controller.rb": [
        1,
        null,
        1,
        29,
        null,
        null,
        1,
        14,
        null,
        null,
        1,
        3,
        null,
        null,
        1,
        2,
        null,
        null,
        1,
        2,
        null,
        2,
        1,
        1,
        null,
        1,
        null,
        null,
        null,
        1,
        2,
        null,
        2,
        1,
        1,
        null,
        1,
        null,
        null,
        null,
        1,
        1,
        1,
        1,
        1,
        null,
        null,
        1,
        null,
        1,
        4,
        null,
        null,
        null,
        null,
        null,
        null
      ],
      "/Users/cpsoinos/Desktop/aces/app/models/review.rb": [
        1,
        1,
        1,
        1,
        1,
        1,
        null
      ]
    },
    "timestamp": 1427919392
  }
}
